This file contains any messages produced by compilers while
running configure, to aid debugging if configure makes a mistake.

It was created by OpenAscent configure 0.1, which was
generated by GNU Autoconf 2.69.  Invocation command line was

  $ ./configure --no-create --no-recursion

## --------- ##
## Platform. ##
## --------- ##

hostname = localhost
uname -m = x86_64
uname -r = 16.3.0
uname -s = Darwin
uname -v = Darwin Kernel Version 16.3.0: Thu Nov 17 20:23:58 PST 2016; root:xnu-3789.31.2~1/RELEASE_X86_64

/usr/bin/uname -p = i386
/bin/uname -X     = unknown

/bin/arch              = unknown
/usr/bin/arch -k       = unknown
/usr/convex/getsysinfo = unknown
/usr/bin/hostinfo      = Mach kernel version:
	 Darwin Kernel Version 16.3.0: Thu Nov 17 20:23:58 PST 2016; root:xnu-3789.31.2~1/RELEASE_X86_64
Kernel configured for up to 8 processors.
4 processors are physically available.
8 processors are logically available.
Processor type: x86_64h (Intel x86-64h Haswell)
Processors active: 0 1 2 3 4 5 6 7
Primary memory available: 16.00 gigabytes
Default processor set: 282 tasks, 1013 threads, 8 processors
Load average: 1.64, Mach factor: 6.35
/bin/machine           = unknown
/usr/bin/oslevel       = unknown
/bin/universe          = unknown

PATH: /usr/local/bin
PATH: /usr/bin
PATH: /bin
PATH: /usr/sbin
PATH: /sbin


## ----------- ##
## Core tests. ##
## ----------- ##

configure:1883: checking for a BSD-compatible install
configure:1951: result: /usr/bin/install -c
configure:1962: checking whether build environment is sane
configure:2017: result: yes
configure:2168: checking for a thread-safe mkdir -p
configure:2207: result: ./install-sh -c -d
configure:2214: checking for gawk
configure:2244: result: no
configure:2214: checking for mawk
configure:2244: result: no
configure:2214: checking for nawk
configure:2244: result: no
configure:2214: checking for awk
configure:2230: found /usr/bin/awk
configure:2241: result: awk
configure:2252: checking whether make sets $(MAKE)
configure:2274: result: yes
configure:2303: checking whether make supports nested variables
configure:2320: result: yes
configure:2506: checking for g++
configure:2522: found /usr/bin/g++
configure:2533: result: g++
configure:2560: checking for C++ compiler version
configure:2569: g++ --version >&5
Apple LLVM version 8.0.0 (clang-800.0.42.1)
Target: x86_64-apple-darwin16.3.0
Thread model: posix
InstalledDir: /Applications/Xcode.app/Contents/Developer/Toolchains/XcodeDefault.xctoolchain/usr/bin
Configured with: --prefix=/Applications/Xcode.app/Contents/Developer/usr --with-gxx-include-dir=/Applications/Xcode.app/Contents/Developer/Platforms/MacOSX.platform/Developer/SDKs/MacOSX10.12.sdk/usr/include/c++/4.2.1
configure:2580: $? = 0
configure:2569: g++ -v >&5
Configured with: --prefix=/Applications/Xcode.app/Contents/Developer/usr --with-gxx-include-dir=/Applications/Xcode.app/Contents/Developer/Platforms/MacOSX.platform/Developer/SDKs/MacOSX10.12.sdk/usr/include/c++/4.2.1
Apple LLVM version 8.0.0 (clang-800.0.42.1)
Target: x86_64-apple-darwin16.3.0
Thread model: posix
InstalledDir: /Applications/Xcode.app/Contents/Developer/Toolchains/XcodeDefault.xctoolchain/usr/bin
configure:2580: $? = 0
configure:2569: g++ -V >&5
clang: error: argument to '-V' is missing (expected 1 value)
clang: error: no input files
configure:2580: $? = 1
configure:2569: g++ -qversion >&5
clang: error: unknown argument: '-qversion'
clang: error: no input files
configure:2580: $? = 1
configure:2600: checking whether the C++ compiler works
configure:2622: g++    conftest.cpp  >&5
configure:2626: $? = 0
configure:2674: result: yes
configure:2677: checking for C++ compiler default output file name
configure:2679: result: a.out
configure:2685: checking for suffix of executables
configure:2692: g++ -o conftest    conftest.cpp  >&5
configure:2696: $? = 0
configure:2718: result: 
configure:2740: checking whether we are cross compiling
configure:2748: g++ -o conftest    conftest.cpp  >&5
configure:2752: $? = 0
configure:2759: ./conftest
configure:2763: $? = 0
configure:2778: result: no
configure:2783: checking for suffix of object files
configure:2805: g++ -c   conftest.cpp >&5
configure:2809: $? = 0
configure:2830: result: o
configure:2834: checking whether we are using the GNU C++ compiler
configure:2853: g++ -c   conftest.cpp >&5
configure:2853: $? = 0
configure:2862: result: yes
configure:2871: checking whether g++ accepts -g
configure:2891: g++ -c -g  conftest.cpp >&5
configure:2891: $? = 0
configure:2932: result: yes
configure:2966: checking for style of include used by make
configure:2994: result: GNU
configure:3020: checking dependency style of g++
configure:3131: result: gcc3
configure:3189: checking for ranlib
configure:3205: found /usr/bin/ranlib
configure:3216: result: ranlib
configure:3286: checking for gcc
configure:3302: found /usr/bin/gcc
configure:3313: result: gcc
configure:3542: checking for C compiler version
configure:3551: gcc --version >&5
Apple LLVM version 8.0.0 (clang-800.0.42.1)
Target: x86_64-apple-darwin16.3.0
Thread model: posix
InstalledDir: /Applications/Xcode.app/Contents/Developer/Toolchains/XcodeDefault.xctoolchain/usr/bin
Configured with: --prefix=/Applications/Xcode.app/Contents/Developer/usr --with-gxx-include-dir=/Applications/Xcode.app/Contents/Developer/Platforms/MacOSX.platform/Developer/SDKs/MacOSX10.12.sdk/usr/include/c++/4.2.1
configure:3562: $? = 0
configure:3551: gcc -v >&5
Configured with: --prefix=/Applications/Xcode.app/Contents/Developer/usr --with-gxx-include-dir=/Applications/Xcode.app/Contents/Developer/Platforms/MacOSX.platform/Developer/SDKs/MacOSX10.12.sdk/usr/include/c++/4.2.1
Apple LLVM version 8.0.0 (clang-800.0.42.1)
Target: x86_64-apple-darwin16.3.0
Thread model: posix
InstalledDir: /Applications/Xcode.app/Contents/Developer/Toolchains/XcodeDefault.xctoolchain/usr/bin
configure:3562: $? = 0
configure:3551: gcc -V >&5
clang: error: argument to '-V' is missing (expected 1 value)
clang: error: no input files
configure:3562: $? = 1
configure:3551: gcc -qversion >&5
clang: error: unknown argument: '-qversion'
clang: error: no input files
configure:3562: $? = 1
configure:3566: checking whether we are using the GNU C compiler
configure:3585: gcc -c   conftest.c >&5
configure:3585: $? = 0
configure:3594: result: yes
configure:3603: checking whether gcc accepts -g
configure:3623: gcc -c -g  conftest.c >&5
configure:3623: $? = 0
configure:3664: result: yes
configure:3681: checking for gcc option to accept ISO C89
configure:3744: gcc  -c -g -O2  conftest.c >&5
configure:3744: $? = 0
configure:3757: result: none needed
configure:3782: checking whether gcc understands -c and -o together
configure:3804: gcc -c conftest.c -o conftest2.o
configure:3807: $? = 0
configure:3804: gcc -c conftest.c -o conftest2.o
configure:3807: $? = 0
configure:3819: result: yes
configure:3838: checking dependency style of gcc
configure:3949: result: gcc3
configure:4014: checking for ar
configure:4030: found /usr/bin/ar
configure:4041: result: ar
configure:4067: checking the archiver (ar) interface
configure:4083: gcc -c -g -O2  conftest.c >&5
configure:4083: $? = 0
configure:4085: ar cru libconftest.a conftest.o >&5
configure:4088: $? = 0
configure:4116: result: ar
configure:4292: checking that generated files are newer than configure
configure:4298: result: done
configure:4325: creating ./config.status

## ---------------- ##
## Cache variables. ##
## ---------------- ##

ac_cv_c_compiler_gnu=yes
ac_cv_cxx_compiler_gnu=yes
ac_cv_env_CCC_set=
ac_cv_env_CCC_value=
ac_cv_env_CC_set=
ac_cv_env_CC_value=
ac_cv_env_CFLAGS_set=
ac_cv_env_CFLAGS_value=
ac_cv_env_CPPFLAGS_set=
ac_cv_env_CPPFLAGS_value=
ac_cv_env_CXXFLAGS_set=
ac_cv_env_CXXFLAGS_value=
ac_cv_env_CXX_set=
ac_cv_env_CXX_value=
ac_cv_env_LDFLAGS_set=
ac_cv_env_LDFLAGS_value=
ac_cv_env_LIBS_set=
ac_cv_env_LIBS_value=
ac_cv_env_build_alias_set=
ac_cv_env_build_alias_value=
ac_cv_env_host_alias_set=
ac_cv_env_host_alias_value=
ac_cv_env_target_alias_set=
ac_cv_env_target_alias_value=
ac_cv_objext=o
ac_cv_path_install='/usr/bin/install -c'
ac_cv_prog_AWK=awk
ac_cv_prog_ac_ct_AR=ar
ac_cv_prog_ac_ct_CC=gcc
ac_cv_prog_ac_ct_CXX=g++
ac_cv_prog_ac_ct_RANLIB=ranlib
ac_cv_prog_cc_c89=
ac_cv_prog_cc_g=yes
ac_cv_prog_cxx_g=yes
ac_cv_prog_make_make_set=yes
am_cv_CC_dependencies_compiler_type=gcc3
am_cv_CXX_dependencies_compiler_type=gcc3
am_cv_ar_interface=ar
am_cv_make_support_nested_variables=yes
am_cv_prog_cc_c_o=yes

## ----------------- ##
## Output variables. ##
## ----------------- ##

ACLOCAL='${SHELL} /Users/mash/Desktop/OpenAscent/missing aclocal-1.15'
AMDEPBACKSLASH='\'
AMDEP_FALSE='#'
AMDEP_TRUE=''
AMTAR='$${TAR-tar}'
AM_BACKSLASH='\'
AM_DEFAULT_V='$(AM_DEFAULT_VERBOSITY)'
AM_DEFAULT_VERBOSITY='1'
AM_V='$(V)'
AR='ar'
AUTOCONF='${SHELL} /Users/mash/Desktop/OpenAscent/missing autoconf'
AUTOHEADER='${SHELL} /Users/mash/Desktop/OpenAscent/missing autoheader'
AUTOMAKE='${SHELL} /Users/mash/Desktop/OpenAscent/missing automake-1.15'
AWK='awk'
CC='gcc'
CCDEPMODE='depmode=gcc3'
CFLAGS='-g -O2'
CPPFLAGS=''
CXX='g++'
CXXDEPMODE='depmode=gcc3'
CXXFLAGS='-g -O2'
CYGPATH_W='echo'
DEFS='-DPACKAGE_NAME=\"OpenAscent\" -DPACKAGE_TARNAME=\"openascent\" -DPACKAGE_VERSION=\"0.1\" -DPACKAGE_STRING=\"OpenAscent\ 0.1\" -DPACKAGE_BUGREPORT=\"Hikaru\ Suzuki\" -DPACKAGE_URL=\"\" -DPACKAGE=\"openascent\" -DVERSION=\"0.1\"'
DEPDIR='.deps'
ECHO_C='\c'
ECHO_N=''
ECHO_T=''
EXEEXT=''
INSTALL_DATA='${INSTALL} -m 644'
INSTALL_PROGRAM='${INSTALL}'
INSTALL_SCRIPT='${INSTALL}'
INSTALL_STRIP_PROGRAM='$(install_sh) -c -s'
LDFLAGS=''
LIBOBJS=''
LIBS=''
LTLIBOBJS=''
MAKEINFO='${SHELL} /Users/mash/Desktop/OpenAscent/missing makeinfo'
MKDIR_P='./install-sh -c -d'
OBJEXT='o'
PACKAGE='openascent'
PACKAGE_BUGREPORT='Hikaru Suzuki'
PACKAGE_NAME='OpenAscent'
PACKAGE_STRING='OpenAscent 0.1'
PACKAGE_TARNAME='openascent'
PACKAGE_URL=''
PACKAGE_VERSION='0.1'
PATH_SEPARATOR=':'
RANLIB='ranlib'
SET_MAKE=''
SHELL='/bin/sh'
STRIP=''
VERSION='0.1'
ac_ct_AR='ar'
ac_ct_CC='gcc'
ac_ct_CXX='g++'
am__EXEEXT_FALSE=''
am__EXEEXT_TRUE='#'
am__fastdepCC_FALSE='#'
am__fastdepCC_TRUE=''
am__fastdepCXX_FALSE='#'
am__fastdepCXX_TRUE=''
am__include='include'
am__isrc=''
am__leading_dot='.'
am__nodep='_no'
am__quote=''
am__tar='$${TAR-tar} chof - "$$tardir"'
am__untar='$${TAR-tar} xf -'
bindir='${exec_prefix}/bin'
build_alias=''
datadir='${datarootdir}'
datarootdir='${prefix}/share'
docdir='${datarootdir}/doc/${PACKAGE_TARNAME}'
dvidir='${docdir}'
exec_prefix='${prefix}'
host_alias=''
htmldir='${docdir}'
includedir='${prefix}/include'
infodir='${datarootdir}/info'
install_sh='${SHELL} /Users/mash/Desktop/OpenAscent/install-sh'
libdir='${exec_prefix}/lib'
libexecdir='${exec_prefix}/libexec'
localedir='${datarootdir}/locale'
localstatedir='${prefix}/var'
mandir='${datarootdir}/man'
mkdir_p='$(MKDIR_P)'
oldincludedir='/usr/include'
pdfdir='${docdir}'
prefix='/usr/local'
program_transform_name='s,x,x,'
psdir='${docdir}'
sbindir='${exec_prefix}/sbin'
sharedstatedir='${prefix}/com'
sysconfdir='${prefix}/etc'
target_alias=''

## ----------- ##
## confdefs.h. ##
## ----------- ##

/* confdefs.h */
#define PACKAGE_NAME "OpenAscent"
#define PACKAGE_TARNAME "openascent"
#define PACKAGE_VERSION "0.1"
#define PACKAGE_STRING "OpenAscent 0.1"
#define PACKAGE_BUGREPORT "Hikaru Suzuki"
#define PACKAGE_URL ""
#define PACKAGE "openascent"
#define VERSION "0.1"

configure: exit 0

## ---------------------- ##
## Running config.status. ##
## ---------------------- ##

This file was extended by OpenAscent config.status 0.1, which was
generated by GNU Autoconf 2.69.  Invocation command line was

  CONFIG_FILES    = 
  CONFIG_HEADERS  = 
  CONFIG_LINKS    = 
  CONFIG_COMMANDS = 
  $ ./config.status 

on localhost

config.status:783: creating Makefile
config.status:783: creating src/Makefile
config.status:783: creating src/simulator/Makefile
config.status:955: executing depfiles commands
